<?xml version="1.0" encoding="UTF-8"?>
<!-- Generated by org.testng.reporters.JUnitReportReporter -->
<testsuite hostname="Lab-637619272945963825-1" failures="0" tests="11" name="com.urbanladder.runner.TestRunner" time="563.880" errors="0" timestamp="26 Sep 2021 18:19:36 GMT">
  <testcase classname="com.urbanladder.runner.TestRunner" name="SearchBox" time="38.709"/>
  <testcase classname="com.urbanladder.runner.TestRunner" name="promotions" time="90.107"/>
  <testcase classname="com.urbanladder.runner.TestRunner" name="homepagestudy" time="40.607"/>
  <testcase classname="com.urbanladder.runner.TestRunner" name="checkout" time="45.047"/>
  <testcase classname="com.urbanladder.runner.TestRunner" name="homepageliving" time="36.322"/>
  <testcase classname="com.urbanladder.runner.TestRunner" name="dining" time="76.622"/>
  <testcase classname="com.urbanladder.runner.TestRunner" name="footerpage" time="26.542"/>
  <testcase classname="com.urbanladder.runner.TestRunner" name="addtocart" time="64.148"/>
  <testcase classname="com.urbanladder.runner.TestRunner" name="Stores" time="41.155"/>
  <testcase classname="com.urbanladder.runner.TestRunner" name="checkout" time="45.607"/>
  <testcase classname="com.urbanladder.runner.TestRunner" name="Recommend" time="59.014"/>
</testsuite> <!-- com.urbanladder.runner.TestRunner -->
